<?xml version="1.0" encoding="UTF-8"?>
<testsuite xmlns:xsi="http://www.w3.org/2001/XMLSchema-instance" xsi:noNamespaceSchemaLocation="https://maven.apache.org/surefire/maven-surefire-plugin/xsd/surefire-test-report-3.0.xsd" version="3.0" name="com.grupo1.pidh.service.impl.ProductoServiceTest" time="5.024" tests="5" errors="0" skipped="0" failures="0">
  <properties>
[...]
</properties>
  <testcase name="deberiaMandarAlRepositoryUnProductoDeNombreObservacionDeCieloNocturno_yRetornarUnaSalidaDtoConSuId" classname="com.grupo1.pidh.service.impl.ProductoServiceTest" time="0.652">
    <system-out><![CDATA[2025-02-19 19:34:42 [&amp#27;[34mINFO &amp#27;[0;39m] [&amp#27;[36mmain&amp#27;[0;39m] &amp#27;[35mo.s.b.t.c.SpringBootTestContextBootstrapper&amp#27;[0;39m - Neither @ContextConfiguration nor @ContextHierarchy found for test class [com.grupo1.pidh.service.impl.ProductoServiceTest], using SpringBootContextLoader
2025-02-19 19:34:42 [&amp#27;[34mINFO &amp#27;[0;39m] [&amp#27;[36mmain&amp#27;[0;39m] &amp#27;[35mo.s.t.c.s.AbstractContextLoader&amp#27;[0;39m - Could not detect default resource locations for test class [com.grupo1.pidh.service.impl.ProductoServiceTest]: no resource found for suffixes {-context.xml, Context.groovy}.
2025-02-19 19:34:42 [&amp#27;[34mINFO &amp#27;[0;39m] [&amp#27;[36mmain&amp#27;[0;39m] &amp#27;[35mo.s.t.c.s.AnnotationConfigContextLoaderUtils&amp#27;[0;39m - Could not detect default configuration classes for test class [com.grupo1.pidh.service.impl.ProductoServiceTest]: ProductoServiceTest does not declare any static, non-private, non-final, nested classes annotated with @Configuration.
2025-02-19 19:34:42 [&amp#27;[34mINFO &amp#27;[0;39m] [&amp#27;[36mmain&amp#27;[0;39m] &amp#27;[35mo.s.b.t.c.SpringBootTestContextBootstrapper&amp#27;[0;39m - Found @SpringBootConfiguration com.grupo1.pidh.PidhApplication for test class com.grupo1.pidh.service.impl.ProductoServiceTest
2025-02-19 19:34:42 [&amp#27;[34mINFO &amp#27;[0;39m] [&amp#27;[36mmain&amp#27;[0;39m] &amp#27;[35mo.s.b.t.c.SpringBootTestContextBootstrapper&amp#27;[0;39m - Loaded default TestExecutionListener class names from location [META-INF/spring.factories]: [org.springframework.boot.test.mock.mockito.MockitoTestExecutionListener, org.springframework.boot.test.mock.mockito.ResetMocksTestExecutionListener, org.springframework.boot.test.autoconfigure.restdocs.RestDocsTestExecutionListener, org.springframework.boot.test.autoconfigure.web.client.MockRestServiceServerResetTestExecutionListener, org.springframework.boot.test.autoconfigure.web.servlet.MockMvcPrintOnlyOnFailureTestExecutionListener, org.springframework.boot.test.autoconfigure.web.servlet.WebDriverTestExecutionListener, org.springframework.boot.test.autoconfigure.webservices.client.MockWebServiceServerTestExecutionListener, org.springframework.test.context.web.ServletTestExecutionListener, org.springframework.test.context.support.DirtiesContextBeforeModesTestExecutionListener, org.springframework.test.context.event.ApplicationEventsTestExecutionListener, org.springframework.test.context.support.DependencyInjectionTestExecutionListener, org.springframework.test.context.support.DirtiesContextTestExecutionListener, org.springframework.test.context.transaction.TransactionalTestExecutionListener, org.springframework.test.context.jdbc.SqlScriptsTestExecutionListener, org.springframework.test.context.event.EventPublishingTestExecutionListener]
2025-02-19 19:34:42 [&amp#27;[34mINFO &amp#27;[0;39m] [&amp#27;[36mmain&amp#27;[0;39m] &amp#27;[35mo.s.b.t.c.SpringBootTestContextBootstrapper&amp#27;[0;39m - Using TestExecutionListeners: [org.springframework.test.context.web.ServletTestExecutionListener@12d28106, org.springframework.test.context.support.DirtiesContextBeforeModesTestExecutionListener@6a3c1b56, org.springframework.test.context.event.ApplicationEventsTestExecutionListener@3b8ce72, org.springframework.boot.test.mock.mockito.MockitoTestExecutionListener@3ce4eb42, org.springframework.boot.test.autoconfigure.SpringBootDependencyInjectionTestExecutionListener@3a388769, org.springframework.test.context.support.DirtiesContextTestExecutionListener@3054cdd3, org.springframework.test.context.transaction.TransactionalTestExecutionListener@755a4ef5, org.springframework.test.context.jdbc.SqlScriptsTestExecutionListener@6eff05e7, org.springframework.test.context.event.EventPublishingTestExecutionListener@1002c49e, org.springframework.boot.test.mock.mockito.ResetMocksTestExecutionListener@62eb918, org.springframework.boot.test.autoconfigure.restdocs.RestDocsTestExecutionListener@21a462ce, org.springframework.boot.test.autoconfigure.web.client.MockRestServiceServerResetTestExecutionListener@37e28b20, org.springframework.boot.test.autoconfigure.web.servlet.MockMvcPrintOnlyOnFailureTestExecutionListener@31428f76, org.springframework.boot.test.autoconfigure.web.servlet.WebDriverTestExecutionListener@4257163f, org.springframework.boot.test.autoconfigure.webservices.client.MockWebServiceServerTestExecutionListener@40e7aea9]

  .   ____          _            __ _ _
 /\\ / ___'_ __ _ _(_)_ __  __ _ \ \ \ \
( ( )\___ | '_ | '_| | '_ \/ _` | \ \ \ \
 \\/  ___)| |_)| | | | | || (_| |  ) ) ) )
  '  |____| .__|_| |_|_| |_\__, | / / / /
 =========|_|==============|___/=/_/_/_/
 :: Spring Boot ::               (v2.7.17)

2025-02-19 19:34:42 [&amp#27;[34mINFO &amp#27;[0;39m] [&amp#27;[36mmain&amp#27;[0;39m] &amp#27;[35mc.g.p.s.i.ProductoServiceTest&amp#27;[0;39m - Starting ProductoServiceTest using Java 22.0.2 on DESKTOP-CREBQES with PID 25968 (started by mathe in C:\Users\mathe\Desktop\proyecto_integrador\integrador-dh-backend)
2025-02-19 19:34:42 [&amp#27;[34mINFO &amp#27;[0;39m] [&amp#27;[36mmain&amp#27;[0;39m] &amp#27;[35mc.g.p.s.i.ProductoServiceTest&amp#27;[0;39m - No active profile set, falling back to 1 default profile: "default"
2025-02-19 19:34:43 [&amp#27;[34mINFO &amp#27;[0;39m] [&amp#27;[36mmain&amp#27;[0;39m] &amp#27;[35mo.s.d.r.c.RepositoryConfigurationDelegate&amp#27;[0;39m - Bootstrapping Spring Data JPA repositories in DEFAULT mode.
2025-02-19 19:34:43 [&amp#27;[34mINFO &amp#27;[0;39m] [&amp#27;[36mmain&amp#27;[0;39m] &amp#27;[35mo.s.d.r.c.RepositoryConfigurationDelegate&amp#27;[0;39m - Finished Spring Data repository scanning in 38 ms. Found 1 JPA repository interfaces.
2025-02-19 19:34:43 [&amp#27;[34mINFO &amp#27;[0;39m] [&amp#27;[36mmain&amp#27;[0;39m] &amp#27;[35mo.h.j.i.u.LogHelper&amp#27;[0;39m - HHH000204: Processing PersistenceUnitInfo [name: default]
2025-02-19 19:34:43 [&amp#27;[34mINFO &amp#27;[0;39m] [&amp#27;[36mmain&amp#27;[0;39m] &amp#27;[35mc.z.h.HikariDataSource&amp#27;[0;39m - HikariPool-2 - Starting...
2025-02-19 19:34:44 [&amp#27;[34mINFO &amp#27;[0;39m] [&amp#27;[36mmain&amp#27;[0;39m] &amp#27;[35mc.z.h.HikariDataSource&amp#27;[0;39m - HikariPool-2 - Start completed.
2025-02-19 19:34:44 [&amp#27;[34mINFO &amp#27;[0;39m] [&amp#27;[36mmain&amp#27;[0;39m] &amp#27;[35mo.h.d.Dialect&amp#27;[0;39m - HHH000400: Using dialect: org.hibernate.dialect.H2Dialect
2025-02-19 19:34:44 [&amp#27;[34mINFO &amp#27;[0;39m] [&amp#27;[36mmain&amp#27;[0;39m] &amp#27;[35mo.h.e.t.j.p.i.JtaPlatformInitiator&amp#27;[0;39m - HHH000490: Using JtaPlatform implementation: [org.hibernate.engine.transaction.jta.platform.internal.NoJtaPlatform]
2025-02-19 19:34:44 [&amp#27;[34mINFO &amp#27;[0;39m] [&amp#27;[36mmain&amp#27;[0;39m] &amp#27;[35mo.s.o.j.LocalContainerEntityManagerFactoryBean&amp#27;[0;39m - Initialized JPA EntityManagerFactory for persistence unit 'default'
2025-02-19 19:34:45 [&amp#27;[31mWARN &amp#27;[0;39m] [&amp#27;[36mmain&amp#27;[0;39m] &amp#27;[35mo.s.b.a.o.j.JpaBaseConfiguration$JpaWebConfiguration&amp#27;[0;39m - spring.jpa.open-in-view is enabled by default. Therefore, database queries may be performed during view rendering. Explicitly configure spring.jpa.open-in-view to disable this warning
2025-02-19 19:34:45 [&amp#27;[34mINFO &amp#27;[0;39m] [&amp#27;[36mmain&amp#27;[0;39m] &amp#27;[35mo.s.b.a.h.H2ConsoleAutoConfiguration&amp#27;[0;39m - H2 console available at '/h2-console'. Database available at 'jdbc:h2:~/goBookTest'
2025-02-19 19:34:46 [&amp#27;[34mINFO &amp#27;[0;39m] [&amp#27;[36mmain&amp#27;[0;39m] &amp#27;[35mc.g.p.s.i.ProductoServiceTest&amp#27;[0;39m - Started ProductoServiceTest in 3.301 seconds (JVM running for 13.843)
2025-02-19 19:34:46 [&amp#27;[34mINFO &amp#27;[0;39m] [&amp#27;[36mmain&amp#27;[0;39m] &amp#27;[35mc.g.p.s.i.ProductoService&amp#27;[0;39m - Producto: {"id":null,"nombre":"Observacion de cielo nocturno","descripcion":"Una noche para disfrutar","valorTarifa":500.0,"tipoTarifa":"POR_PERSONA","idioma":"Español","horaInicio":[18,30],"horaFin":[21,30],"tipoEvento":"FECHA_UNICA","fechaEvento":[2025,6,21],"diasDisponible":[],"categorias":null,"imagenes":null}
2025-02-19 19:34:46 [&amp#27;[34mINFO &amp#27;[0;39m] [&amp#27;[36mmain&amp#27;[0;39m] &amp#27;[35mc.g.p.s.i.ProductoService&amp#27;[0;39m - ProductoRegistrado: {"id":1,"nombre":"Observacion de cielo nocturno","descripcion":"Una noche para disfrutar","valorTarifa":500.0,"tipoTarifa":"POR_PERSONA","idioma":"Español","horaInicio":[18,30],"horaFin":[21,30],"tipoEvento":"FECHA_UNICA","fechaEvento":[2025,6,21],"diasDisponible":[],"categorias":[],"imagenes":[{"id":1,"rutaImagen":"https://imagenespasocenturion.s3.us-east-1.amazonaws.com/DSCN1434.JPG"},{"id":2,"rutaImagen":"https://imagenespasocenturion.s3.us-east-1.amazonaws.com/DSCN0710.JPG"}]}
2025-02-19 19:34:46 [&amp#27;[34mINFO &amp#27;[0;39m] [&amp#27;[36mmain&amp#27;[0;39m] &amp#27;[35mc.g.p.s.i.ProductoService&amp#27;[0;39m - ProductoRegistradoConImagenes: {"id":1,"nombre":"Observacion de cielo nocturno","descripcion":"Una noche para disfrutar","valorTarifa":500.0,"tipoTarifa":"POR_PERSONA","idioma":"Español","horaInicio":[18,30],"horaFin":[21,30],"tipoEvento":"FECHA_UNICA","fechaEvento":[2025,6,21],"diasDisponible":[],"categorias":[],"imagenes":[{"id":null,"rutaImagen":"https://imagenespasocenturion.s3.us-east-1.amazonaws.com/DSCN1434.JPG"},{"id":null,"rutaImagen":"https://imagenespasocenturion.s3.us-east-1.amazonaws.com/DSCN0710.JPG"}]}
2025-02-19 19:34:46 [&amp#27;[34mINFO &amp#27;[0;39m] [&amp#27;[36mmain&amp#27;[0;39m] &amp#27;[35mc.g.p.s.i.ProductoService&amp#27;[0;39m - ProductoSalidaDto: {"id":1,"nombre":"Observacion de cielo nocturno","descripcion":"Una noche para disfrutar","valorTarifa":500.0,"tipoTarifa":"POR_PERSONA","idioma":"Español","horaInicio":"18:30:00","horaFin":"21:30:00","tipoEvento":"FECHA_UNICA","fechaEvento":"2025-06-21","diasDisponible":[],"imagenesSalidaDto":[{"id":null,"rutaImagen":"https://imagenespasocenturion.s3.us-east-1.amazonaws.com/DSCN1434.JPG"},{"id":null,"rutaImagen":"https://imagenespasocenturion.s3.us-east-1.amazonaws.com/DSCN0710.JPG"}]}
]]></system-out>
  </testcase>
  <testcase name="deberiaLanzarExcepcionCuandoProductoDuplicado" classname="com.grupo1.pidh.service.impl.ProductoServiceTest" time="0.159">
    <system-out><![CDATA[2025-02-19 19:34:46 [&amp#27;[34mINFO &amp#27;[0;39m] [&amp#27;[36mmain&amp#27;[0;39m] &amp#27;[35mc.g.p.s.i.ProductoService&amp#27;[0;39m - Producto: {"id":null,"nombre":"Observacion de cielo nocturno","descripcion":"Una noche para disfrutar","valorTarifa":500.0,"tipoTarifa":"POR_PERSONA","idioma":"Español","horaInicio":[18,30],"horaFin":[21,30],"tipoEvento":"FECHA_UNICA","fechaEvento":[2025,6,21],"diasDisponible":[],"categorias":null,"imagenes":null}
2025-02-19 19:34:46 [&amp#27;[1;31mERROR&amp#27;[0;39m] [&amp#27;[36mmain&amp#27;[0;39m] &amp#27;[35mc.g.p.s.i.ProductoService&amp#27;[0;39m - Error al guardar el producto en la base de datos
org.springframework.dao.DataIntegrityViolationException: Duplicado
	at com.grupo1.pidh.service.impl.ProductoService.registrarProducto(ProductoService.java:53)
	at com.grupo1.pidh.service.impl.ProductoServiceTest.lambda$deberiaLanzarExcepcionCuandoProductoDuplicado$0(ProductoServiceTest.java:98)
	at org.junit.jupiter.api.AssertThrows.assertThrows(AssertThrows.java:55)
	at org.junit.jupiter.api.AssertThrows.assertThrows(AssertThrows.java:37)
	at org.junit.jupiter.api.Assertions.assertThrows(Assertions.java:3082)
	at com.grupo1.pidh.service.impl.ProductoServiceTest.deberiaLanzarExcepcionCuandoProductoDuplicado(ProductoServiceTest.java:97)
	at java.base/jdk.internal.reflect.DirectMethodHandleAccessor.invoke(DirectMethodHandleAccessor.java:103)
	at java.base/java.lang.reflect.Method.invoke(Method.java:580)
	at org.junit.platform.commons.util.ReflectionUtils.invokeMethod(ReflectionUtils.java:725)
	at org.junit.jupiter.engine.execution.MethodInvocation.proceed(MethodInvocation.java:60)
	at org.junit.jupiter.engine.execution.InvocationInterceptorChain$ValidatingInvocation.proceed(InvocationInterceptorChain.java:131)
	at org.junit.jupiter.engine.extension.TimeoutExtension.intercept(TimeoutExtension.java:149)
	at org.junit.jupiter.engine.extension.TimeoutExtension.interceptTestableMethod(TimeoutExtension.java:140)
	at org.junit.jupiter.engine.extension.TimeoutExtension.interceptTestMethod(TimeoutExtension.java:84)
	at org.junit.jupiter.engine.execution.ExecutableInvoker$ReflectiveInterceptorCall.lambda$ofVoidMethod$0(ExecutableInvoker.java:115)
	at org.junit.jupiter.engine.execution.ExecutableInvoker.lambda$invoke$0(ExecutableInvoker.java:105)
	at org.junit.jupiter.engine.execution.InvocationInterceptorChain$InterceptedInvocation.proceed(InvocationInterceptorChain.java:106)
	at org.junit.jupiter.engine.execution.InvocationInterceptorChain.proceed(InvocationInterceptorChain.java:64)
	at org.junit.jupiter.engine.execution.InvocationInterceptorChain.chainAndInvoke(InvocationInterceptorChain.java:45)
	at org.junit.jupiter.engine.execution.InvocationInterceptorChain.invoke(InvocationInterceptorChain.java:37)
	at org.junit.jupiter.engine.execution.ExecutableInvoker.invoke(ExecutableInvoker.java:104)
	at org.junit.jupiter.engine.execution.ExecutableInvoker.invoke(ExecutableInvoker.java:98)
	at org.junit.jupiter.engine.descriptor.TestMethodTestDescriptor.lambda$invokeTestMethod$7(TestMethodTestDescriptor.java:214)
	at org.junit.platform.engine.support.hierarchical.ThrowableCollector.execute(ThrowableCollector.java:73)
	at org.junit.jupiter.engine.descriptor.TestMethodTestDescriptor.invokeTestMethod(TestMethodTestDescriptor.java:210)
	at org.junit.jupiter.engine.descriptor.TestMethodTestDescriptor.execute(TestMethodTestDescriptor.java:135)
	at org.junit.jupiter.engine.descriptor.TestMethodTestDescriptor.execute(TestMethodTestDescriptor.java:66)
	at org.junit.platform.engine.support.hierarchical.NodeTestTask.lambda$executeRecursively$6(NodeTestTask.java:151)
	at org.junit.platform.engine.support.hierarchical.ThrowableCollector.execute(ThrowableCollector.java:73)
	at org.junit.platform.engine.support.hierarchical.NodeTestTask.lambda$executeRecursively$8(NodeTestTask.java:141)
	at org.junit.platform.engine.support.hierarchical.Node.around(Node.java:137)
	at org.junit.platform.engine.support.hierarchical.NodeTestTask.lambda$executeRecursively$9(NodeTestTask.java:139)
	at org.junit.platform.engine.support.hierarchical.ThrowableCollector.execute(ThrowableCollector.java:73)
	at org.junit.platform.engine.support.hierarchical.NodeTestTask.executeRecursively(NodeTestTask.java:138)
	at org.junit.platform.engine.support.hierarchical.NodeTestTask.execute(NodeTestTask.java:95)
	at java.base/java.util.ArrayList.forEach(ArrayList.java:1597)
	at org.junit.platform.engine.support.hierarchical.SameThreadHierarchicalTestExecutorService.invokeAll(SameThreadHierarchicalTestExecutorService.java:41)
	at org.junit.platform.engine.support.hierarchical.NodeTestTask.lambda$executeRecursively$6(NodeTestTask.java:155)
	at org.junit.platform.engine.support.hierarchical.ThrowableCollector.execute(ThrowableCollector.java:73)
	at org.junit.platform.engine.support.hierarchical.NodeTestTask.lambda$executeRecursively$8(NodeTestTask.java:141)
	at org.junit.platform.engine.support.hierarchical.Node.around(Node.java:137)
	at org.junit.platform.engine.support.hierarchical.NodeTestTask.lambda$executeRecursively$9(NodeTestTask.java:139)
	at org.junit.platform.engine.support.hierarchical.ThrowableCollector.execute(ThrowableCollector.java:73)
	at org.junit.platform.engine.support.hierarchical.NodeTestTask.executeRecursively(NodeTestTask.java:138)
	at org.junit.platform.engine.support.hierarchical.NodeTestTask.execute(NodeTestTask.java:95)
	at java.base/java.util.ArrayList.forEach(ArrayList.java:1597)
	at org.junit.platform.engine.support.hierarchical.SameThreadHierarchicalTestExecutorService.invokeAll(SameThreadHierarchicalTestExecutorService.java:41)
	at org.junit.platform.engine.support.hierarchical.NodeTestTask.lambda$executeRecursively$6(NodeTestTask.java:155)
	at org.junit.platform.engine.support.hierarchical.ThrowableCollector.execute(ThrowableCollector.java:73)
	at org.junit.platform.engine.support.hierarchical.NodeTestTask.lambda$executeRecursively$8(NodeTestTask.java:141)
	at org.junit.platform.engine.support.hierarchical.Node.around(Node.java:137)
	at org.junit.platform.engine.support.hierarchical.NodeTestTask.lambda$executeRecursively$9(NodeTestTask.java:139)
	at org.junit.platform.engine.support.hierarchical.ThrowableCollector.execute(ThrowableCollector.java:73)
	at org.junit.platform.engine.support.hierarchical.NodeTestTask.executeRecursively(NodeTestTask.java:138)
	at org.junit.platform.engine.support.hierarchical.NodeTestTask.execute(NodeTestTask.java:95)
	at org.junit.platform.engine.support.hierarchical.SameThreadHierarchicalTestExecutorService.submit(SameThreadHierarchicalTestExecutorService.java:35)
	at org.junit.platform.engine.support.hierarchical.HierarchicalTestExecutor.execute(HierarchicalTestExecutor.java:57)
	at org.junit.platform.engine.support.hierarchical.HierarchicalTestEngine.execute(HierarchicalTestEngine.java:54)
	at org.junit.platform.launcher.core.EngineExecutionOrchestrator.execute(EngineExecutionOrchestrator.java:107)
	at org.junit.platform.launcher.core.EngineExecutionOrchestrator.execute(EngineExecutionOrchestrator.java:88)
	at org.junit.platform.launcher.core.EngineExecutionOrchestrator.lambda$execute$0(EngineExecutionOrchestrator.java:54)
	at org.junit.platform.launcher.core.EngineExecutionOrchestrator.withInterceptedStreams(EngineExecutionOrchestrator.java:67)
	at org.junit.platform.launcher.core.EngineExecutionOrchestrator.execute(EngineExecutionOrchestrator.java:52)
	at org.junit.platform.launcher.core.DefaultLauncher.execute(DefaultLauncher.java:114)
	at org.junit.platform.launcher.core.DefaultLauncher.execute(DefaultLauncher.java:86)
	at org.junit.platform.launcher.core.DefaultLauncherSession$DelegatingLauncher.execute(DefaultLauncherSession.java:86)
	at org.junit.platform.launcher.core.SessionPerRequestLauncher.execute(SessionPerRequestLauncher.java:53)
	at org.apache.maven.surefire.junitplatform.JUnitPlatformProvider.execute(JUnitPlatformProvider.java:188)
	at org.apache.maven.surefire.junitplatform.JUnitPlatformProvider.invokeAllTests(JUnitPlatformProvider.java:154)
	at org.apache.maven.surefire.junitplatform.JUnitPlatformProvider.invoke(JUnitPlatformProvider.java:128)
	at org.apache.maven.surefire.booter.ForkedBooter.runSuitesInProcess(ForkedBooter.java:428)
	at org.apache.maven.surefire.booter.ForkedBooter.execute(ForkedBooter.java:162)
	at org.apache.maven.surefire.booter.ForkedBooter.run(ForkedBooter.java:562)
	at org.apache.maven.surefire.booter.ForkedBooter.main(ForkedBooter.java:548)
]]></system-out>
  </testcase>
  <testcase name="deberiaLanzarExcepcionCuandoProductoAEliminarNoExiste" classname="com.grupo1.pidh.service.impl.ProductoServiceTest" time="0.08">
    <system-out><![CDATA[2025-02-19 19:34:46 [&amp#27;[34mINFO &amp#27;[0;39m] [&amp#27;[36mmain&amp#27;[0;39m] &amp#27;[35mc.g.p.s.i.ProductoService&amp#27;[0;39m - id del prodcuto a eliminar 99
2025-02-19 19:34:46 [&amp#27;[34mINFO &amp#27;[0;39m] [&amp#27;[36mmain&amp#27;[0;39m] &amp#27;[35mc.g.p.s.i.ProductoService&amp#27;[0;39m - Id del producto a buscar 99
2025-02-19 19:34:46 [&amp#27;[1;31mERROR&amp#27;[0;39m] [&amp#27;[36mmain&amp#27;[0;39m] &amp#27;[35mc.g.p.s.i.ProductoService&amp#27;[0;39m - Producto no encontrado
]]></system-out>
  </testcase>
  <testcase name="deberiaEliminarProductoSiExiste" classname="com.grupo1.pidh.service.impl.ProductoServiceTest" time="0.072">
    <system-out><![CDATA[2025-02-19 19:34:47 [&amp#27;[34mINFO &amp#27;[0;39m] [&amp#27;[36mmain&amp#27;[0;39m] &amp#27;[35mc.g.p.s.i.ProductoService&amp#27;[0;39m - id del prodcuto a eliminar 1
2025-02-19 19:34:47 [&amp#27;[34mINFO &amp#27;[0;39m] [&amp#27;[36mmain&amp#27;[0;39m] &amp#27;[35mc.g.p.s.i.ProductoService&amp#27;[0;39m - Id del producto a buscar 1
2025-02-19 19:34:47 [&amp#27;[34mINFO &amp#27;[0;39m] [&amp#27;[36mmain&amp#27;[0;39m] &amp#27;[35mc.g.p.s.i.ProductoService&amp#27;[0;39m - Producto encontrado: {"id":1,"nombre":"Observacion de cielo nocturno","descripcion":"Una noche para disfrutar","valorTarifa":500.0,"tipoTarifa":"POR_PERSONA","idioma":"Español","horaInicio":"18:30:00","horaFin":"21:30:00","tipoEvento":"FECHA_UNICA","fechaEvento":"2025-06-21","diasDisponible":[],"imagenesSalidaDto":[{"id":null,"rutaImagen":"https://imagenespasocenturion.s3.us-east-1.amazonaws.com/DSCN1434.JPG"},{"id":null,"rutaImagen":"https://imagenespasocenturion.s3.us-east-1.amazonaws.com/DSCN0710.JPG"}]}
2025-02-19 19:34:47 [&amp#27;[31mWARN &amp#27;[0;39m] [&amp#27;[36mmain&amp#27;[0;39m] &amp#27;[35mc.g.p.s.i.ProductoService&amp#27;[0;39m - Se ha eliminado el prodcuto con id 1
]]></system-out>
  </testcase>
  <testcase name="deberiaDevolverUnListadoNoVacioDeProductos" classname="com.grupo1.pidh.service.impl.ProductoServiceTest" time="0.086">
    <system-out><![CDATA[2025-02-19 19:34:47 [&amp#27;[34mINFO &amp#27;[0;39m] [&amp#27;[36mmain&amp#27;[0;39m] &amp#27;[35mc.g.p.s.i.ProductoService&amp#27;[0;39m - Listado de productos: [{"id":1,"nombre":"Observacion de cielo nocturno","descripcion":"Una noche para disfrutar","valorTarifa":500.0,"tipoTarifa":"POR_PERSONA","idioma":"Español","horaInicio":"18:30:00","horaFin":"21:30:00","tipoEvento":"FECHA_UNICA","fechaEvento":"2025-06-21","diasDisponible":[],"imagenesSalidaDto":[{"id":null,"rutaImagen":"https://imagenespasocenturion.s3.us-east-1.amazonaws.com/DSCN1434.JPG"},{"id":null,"rutaImagen":"https://imagenespasocenturion.s3.us-east-1.amazonaws.com/DSCN0710.JPG"}]}]
]]></system-out>
  </testcase>
</testsuite>