<?xml version="1.0" encoding="UTF-8"?>
<testsuite xmlns:xsi="http://www.w3.org/2001/XMLSchema-instance" xsi:noNamespaceSchemaLocation="https://maven.apache.org/surefire/maven-surefire-plugin/xsd/surefire-test-report-3.0.xsd" version="3.0" name="com.grupo1.pidh.PidhApplicationTests" time="9.128" tests="1" errors="0" skipped="0" failures="0">
  <properties>
[...]
</properties>
  <testcase name="contextLoads" classname="com.grupo1.pidh.PidhApplicationTests" time="0.879">
    <system-out><![CDATA[19:34:33.010 [main] DEBUG org.springframework.test.context.BootstrapUtils - Instantiating CacheAwareContextLoaderDelegate from class [org.springframework.test.context.cache.DefaultCacheAwareContextLoaderDelegate]
19:34:33.022 [main] DEBUG org.springframework.test.context.BootstrapUtils - Instantiating BootstrapContext using constructor [public org.springframework.test.context.support.DefaultBootstrapContext(java.lang.Class,org.springframework.test.context.CacheAwareContextLoaderDelegate)]
19:34:33.071 [main] DEBUG org.springframework.test.context.BootstrapUtils - Instantiating TestContextBootstrapper for test class [com.grupo1.pidh.PidhApplicationTests] from class [org.springframework.boot.test.context.SpringBootTestContextBootstrapper]
19:34:33.082 [main] INFO org.springframework.boot.test.context.SpringBootTestContextBootstrapper - Neither @ContextConfiguration nor @ContextHierarchy found for test class [com.grupo1.pidh.PidhApplicationTests], using SpringBootContextLoader
19:34:33.088 [main] DEBUG org.springframework.test.context.support.AbstractContextLoader - Did not detect default resource location for test class [com.grupo1.pidh.PidhApplicationTests]: class path resource [com/grupo1/pidh/PidhApplicationTests-context.xml] does not exist
19:34:33.089 [main] DEBUG org.springframework.test.context.support.AbstractContextLoader - Did not detect default resource location for test class [com.grupo1.pidh.PidhApplicationTests]: class path resource [com/grupo1/pidh/PidhApplicationTestsContext.groovy] does not exist
19:34:33.089 [main] INFO org.springframework.test.context.support.AbstractContextLoader - Could not detect default resource locations for test class [com.grupo1.pidh.PidhApplicationTests]: no resource found for suffixes {-context.xml, Context.groovy}.
19:34:33.090 [main] INFO org.springframework.test.context.support.AnnotationConfigContextLoaderUtils - Could not detect default configuration classes for test class [com.grupo1.pidh.PidhApplicationTests]: PidhApplicationTests does not declare any static, non-private, non-final, nested classes annotated with @Configuration.
19:34:33.137 [main] DEBUG org.springframework.test.context.support.ActiveProfilesUtils - Could not find an 'annotation declaring class' for annotation type [org.springframework.test.context.ActiveProfiles] and class [com.grupo1.pidh.PidhApplicationTests]
19:34:33.234 [main] DEBUG org.springframework.context.annotation.ClassPathScanningCandidateComponentProvider - Identified candidate component class: file [C:\Users\mathe\Desktop\proyecto_integrador\integrador-dh-backend\target\classes\com\grupo1\pidh\PidhApplication.class]
19:34:33.237 [main] INFO org.springframework.boot.test.context.SpringBootTestContextBootstrapper - Found @SpringBootConfiguration com.grupo1.pidh.PidhApplication for test class com.grupo1.pidh.PidhApplicationTests
19:34:33.365 [main] DEBUG org.springframework.boot.test.context.SpringBootTestContextBootstrapper - @TestExecutionListeners is not present for class [com.grupo1.pidh.PidhApplicationTests]: using defaults.
19:34:33.365 [main] INFO org.springframework.boot.test.context.SpringBootTestContextBootstrapper - Loaded default TestExecutionListener class names from location [META-INF/spring.factories]: [org.springframework.boot.test.mock.mockito.MockitoTestExecutionListener, org.springframework.boot.test.mock.mockito.ResetMocksTestExecutionListener, org.springframework.boot.test.autoconfigure.restdocs.RestDocsTestExecutionListener, org.springframework.boot.test.autoconfigure.web.client.MockRestServiceServerResetTestExecutionListener, org.springframework.boot.test.autoconfigure.web.servlet.MockMvcPrintOnlyOnFailureTestExecutionListener, org.springframework.boot.test.autoconfigure.web.servlet.WebDriverTestExecutionListener, org.springframework.boot.test.autoconfigure.webservices.client.MockWebServiceServerTestExecutionListener, org.springframework.test.context.web.ServletTestExecutionListener, org.springframework.test.context.support.DirtiesContextBeforeModesTestExecutionListener, org.springframework.test.context.event.ApplicationEventsTestExecutionListener, org.springframework.test.context.support.DependencyInjectionTestExecutionListener, org.springframework.test.context.support.DirtiesContextTestExecutionListener, org.springframework.test.context.transaction.TransactionalTestExecutionListener, org.springframework.test.context.jdbc.SqlScriptsTestExecutionListener, org.springframework.test.context.event.EventPublishingTestExecutionListener]
19:34:33.383 [main] INFO org.springframework.boot.test.context.SpringBootTestContextBootstrapper - Using TestExecutionListeners: [org.springframework.test.context.web.ServletTestExecutionListener@7e4204e2, org.springframework.test.context.support.DirtiesContextBeforeModesTestExecutionListener@b7c4869, org.springframework.test.context.event.ApplicationEventsTestExecutionListener@740d2e78, org.springframework.boot.test.mock.mockito.MockitoTestExecutionListener@1c481ff2, org.springframework.boot.test.autoconfigure.SpringBootDependencyInjectionTestExecutionListener@72437d8d, org.springframework.test.context.support.DirtiesContextTestExecutionListener@1b955cac, org.springframework.test.context.transaction.TransactionalTestExecutionListener@676cf48, org.springframework.test.context.jdbc.SqlScriptsTestExecutionListener@5a1de7fb, org.springframework.test.context.event.EventPublishingTestExecutionListener@335b5620, org.springframework.boot.test.mock.mockito.ResetMocksTestExecutionListener@29a0cdb, org.springframework.boot.test.autoconfigure.restdocs.RestDocsTestExecutionListener@32a68f4f, org.springframework.boot.test.autoconfigure.web.client.MockRestServiceServerResetTestExecutionListener@73194df, org.springframework.boot.test.autoconfigure.web.servlet.MockMvcPrintOnlyOnFailureTestExecutionListener@6eb2384f, org.springframework.boot.test.autoconfigure.web.servlet.WebDriverTestExecutionListener@3c9c0d96, org.springframework.boot.test.autoconfigure.webservices.client.MockWebServiceServerTestExecutionListener@3a4621bd]
19:34:33.387 [main] DEBUG org.springframework.test.context.support.AbstractDirtiesContextTestExecutionListener - Before test class: context [DefaultTestContext@5443d039 testClass = PidhApplicationTests, testInstance = [null], testMethod = [null], testException = [null], mergedContextConfiguration = [WebMergedContextConfiguration@63787180 testClass = PidhApplicationTests, locations = '{}', classes = '{class com.grupo1.pidh.PidhApplication}', contextInitializerClasses = '[]', activeProfiles = '{}', propertySourceLocations = '{}', propertySourceProperties = '{org.springframework.boot.test.context.SpringBootTestContextBootstrapper=true}', contextCustomizers = set[org.springframework.boot.test.context.filter.ExcludeFilterContextCustomizer@5e600dd5, org.springframework.boot.test.json.DuplicateJsonObjectContextCustomizerFactory$DuplicateJsonObjectContextCustomizer@4d5650ae, org.springframework.boot.test.mock.mockito.MockitoContextCustomizer@0, org.springframework.boot.test.web.client.TestRestTemplateContextCustomizer@13e344d, org.springframework.boot.test.autoconfigure.actuate.metrics.MetricsExportContextCustomizerFactory$DisableMetricExportContextCustomizer@55a147cc, org.springframework.boot.test.autoconfigure.properties.PropertyMappingContextCustomizer@0, org.springframework.boot.test.autoconfigure.web.servlet.WebDriverContextCustomizerFactory$Customizer@6e9175d8, org.springframework.boot.test.context.SpringBootTestArgs@1, org.springframework.boot.test.context.SpringBootTestWebEnvironment@52525845], resourceBasePath = 'src/main/webapp', contextLoader = 'org.springframework.boot.test.context.SpringBootContextLoader', parent = [null]], attributes = map['org.springframework.test.context.web.ServletTestExecutionListener.activateListener' -> true]], class annotated with @DirtiesContext [false] with mode [null].

  .   ____          _            __ _ _
 /\\ / ___'_ __ _ _(_)_ __  __ _ \ \ \ \
( ( )\___ | '_ | '_| | '_ \/ _` | \ \ \ \
 \\/  ___)| |_)| | | | | || (_| |  ) ) ) )
  '  |____| .__|_| |_|_| |_\__, | / / / /
 =========|_|==============|___/=/_/_/_/
 :: Spring Boot ::               (v2.7.17)

2025-02-19 19:34:33 [&amp#27;[34mINFO &amp#27;[0;39m] [&amp#27;[36mmain&amp#27;[0;39m] &amp#27;[35mc.g.p.PidhApplicationTests&amp#27;[0;39m - Starting PidhApplicationTests using Java 22.0.2 on DESKTOP-CREBQES with PID 25968 (started by mathe in C:\Users\mathe\Desktop\proyecto_integrador\integrador-dh-backend)
2025-02-19 19:34:33 [&amp#27;[34mINFO &amp#27;[0;39m] [&amp#27;[36mmain&amp#27;[0;39m] &amp#27;[35mc.g.p.PidhApplicationTests&amp#27;[0;39m - No active profile set, falling back to 1 default profile: "default"
2025-02-19 19:34:34 [&amp#27;[34mINFO &amp#27;[0;39m] [&amp#27;[36mmain&amp#27;[0;39m] &amp#27;[35mo.s.d.r.c.RepositoryConfigurationDelegate&amp#27;[0;39m - Bootstrapping Spring Data JPA repositories in DEFAULT mode.
2025-02-19 19:34:34 [&amp#27;[34mINFO &amp#27;[0;39m] [&amp#27;[36mmain&amp#27;[0;39m] &amp#27;[35mo.s.d.r.c.RepositoryConfigurationDelegate&amp#27;[0;39m - Finished Spring Data repository scanning in 85 ms. Found 1 JPA repository interfaces.
2025-02-19 19:34:35 [&amp#27;[34mINFO &amp#27;[0;39m] [&amp#27;[36mmain&amp#27;[0;39m] &amp#27;[35mo.h.j.i.u.LogHelper&amp#27;[0;39m - HHH000204: Processing PersistenceUnitInfo [name: default]
2025-02-19 19:34:35 [&amp#27;[34mINFO &amp#27;[0;39m] [&amp#27;[36mmain&amp#27;[0;39m] &amp#27;[35mo.h.Version&amp#27;[0;39m - HHH000412: Hibernate ORM core version 5.6.15.Final
2025-02-19 19:34:36 [&amp#27;[34mINFO &amp#27;[0;39m] [&amp#27;[36mmain&amp#27;[0;39m] &amp#27;[35mo.h.a.c.Version&amp#27;[0;39m - HCANN000001: Hibernate Commons Annotations {5.1.2.Final}
2025-02-19 19:34:36 [&amp#27;[34mINFO &amp#27;[0;39m] [&amp#27;[36mmain&amp#27;[0;39m] &amp#27;[35mc.z.h.HikariDataSource&amp#27;[0;39m - HikariPool-1 - Starting...
2025-02-19 19:34:36 [&amp#27;[34mINFO &amp#27;[0;39m] [&amp#27;[36mmain&amp#27;[0;39m] &amp#27;[35mc.z.h.HikariDataSource&amp#27;[0;39m - HikariPool-1 - Start completed.
2025-02-19 19:34:36 [&amp#27;[34mINFO &amp#27;[0;39m] [&amp#27;[36mmain&amp#27;[0;39m] &amp#27;[35mo.h.d.Dialect&amp#27;[0;39m - HHH000400: Using dialect: org.hibernate.dialect.H2Dialect
Hibernate: 
    
    drop table if exists categorias CASCADE 
Hibernate: 
    
    drop table if exists imagenes CASCADE 
Hibernate: 
    
    drop table if exists producto_categorias CASCADE 
Hibernate: 
    
    drop table if exists productos CASCADE 
Hibernate: 
    
    create table categorias (
       id bigint generated by default as identity,
        nombre varchar(255) not null,
        primary key (id)
    )
Hibernate: 
    
    create table imagenes (
       id bigint generated by default as identity,
        ruta_imagen varchar(255),
        producto_id bigint not null,
        primary key (id)
    )
Hibernate: 
    
    create table producto_categorias (
       producto_id bigint not null,
        categoria_id bigint not null,
        primary key (producto_id, categoria_id)
    )
Hibernate: 
    
    create table productos (
       id bigint generated by default as identity,
        descripcion varchar(100) not null,
        dias_disponible varchar(255),
        fecha_evento date,
        hora_fin time not null,
        hora_inicio time not null,
        idioma varchar(255) not null,
        nombre varchar(50) not null,
        tipo_evento varchar(255) not null,
        tipo_tarifa varchar(255) not null,
        valor_tarifa double not null,
        primary key (id)
    )
Hibernate: 
    
    alter table categorias 
       add constraint UK_qcog8b7hps1hioi9onqwjdt6y unique (nombre)
Hibernate: 
    
    alter table productos 
       add constraint UK_mlgw7js72hh2xtd4mvpdqfsbe unique (nombre)
Hibernate: 
    
    alter table imagenes 
       add constraint FKhylof04iou23s0pb9ab6pbd4j 
       foreign key (producto_id) 
       references productos
Hibernate: 
    
    alter table producto_categorias 
       add constraint FK5hua9otqyuw69l3710gc20im8 
       foreign key (categoria_id) 
       references categorias
Hibernate: 
    
    alter table producto_categorias 
       add constraint FKhnufgn15dtwj7hp770fr1b3rm 
       foreign key (producto_id) 
       references productos
2025-02-19 19:34:38 [&amp#27;[34mINFO &amp#27;[0;39m] [&amp#27;[36mmain&amp#27;[0;39m] &amp#27;[35mo.h.e.t.j.p.i.JtaPlatformInitiator&amp#27;[0;39m - HHH000490: Using JtaPlatform implementation: [org.hibernate.engine.transaction.jta.platform.internal.NoJtaPlatform]
2025-02-19 19:34:38 [&amp#27;[34mINFO &amp#27;[0;39m] [&amp#27;[36mmain&amp#27;[0;39m] &amp#27;[35mo.s.o.j.LocalContainerEntityManagerFactoryBean&amp#27;[0;39m - Initialized JPA EntityManagerFactory for persistence unit 'default'
2025-02-19 19:34:39 [&amp#27;[31mWARN &amp#27;[0;39m] [&amp#27;[36mmain&amp#27;[0;39m] &amp#27;[35mo.s.b.a.o.j.JpaBaseConfiguration$JpaWebConfiguration&amp#27;[0;39m - spring.jpa.open-in-view is enabled by default. Therefore, database queries may be performed during view rendering. Explicitly configure spring.jpa.open-in-view to disable this warning
2025-02-19 19:34:40 [&amp#27;[34mINFO &amp#27;[0;39m] [&amp#27;[36mmain&amp#27;[0;39m] &amp#27;[35mo.s.b.a.h.H2ConsoleAutoConfiguration&amp#27;[0;39m - H2 console available at '/h2-console'. Database available at 'jdbc:h2:~/goBook'
2025-02-19 19:34:41 [&amp#27;[34mINFO &amp#27;[0;39m] [&amp#27;[36mmain&amp#27;[0;39m] &amp#27;[35mc.g.p.PidhApplicationTests&amp#27;[0;39m - Started PidhApplicationTests in 7.722 seconds (JVM running for 8.989)
]]></system-out>
    <system-err><![CDATA[WARNING: A Java agent has been loaded dynamically (C:\Users\mathe\.m2\repository\net\bytebuddy\byte-buddy-agent\1.12.23\byte-buddy-agent-1.12.23.jar)
WARNING: If a serviceability tool is in use, please run with -XX:+EnableDynamicAgentLoading to hide this warning
WARNING: If a serviceability tool is not in use, please run with -Djdk.instrument.traceUsage for more information
WARNING: Dynamic loading of agents will be disallowed by default in a future release
]]></system-err>
  </testcase>
</testsuite>